%!Adobe-FontList 1.18
%Locale:0x409

%BeginFont
Handler:DirectoryHandler
FontType:TrueType
FontName:BookAntiqua
FamilyName:Book Antiqua
StyleName:Regular
MenuName:Book Antiqua
StyleBits:0
WeightClass:400
WidthClass:5
AngleClass:0
FullName:Book Antiqua
WritingScript:Roman
OutlineFileName:\Book Antiqua
DataFormat:sfntResource
ResourceID:2002
hasSVG:no
FileLength:290877
FileModTime:1393383600
NameArray:0,Mac,4,Book Antiqua
NameArray:0,Win,1,Book Antiqua
%EndFont

%BeginFont
Handler:DirectoryHandler
FontType:TrueType
FontName:BookAntiqua-Bold
FamilyName:Book Antiqua
StyleName:Bold
MenuName:Book Antiqua
StyleBits:2
WeightClass:700
WidthClass:5
AngleClass:0
FullName:Book Antiqua Bold
WritingScript:Roman
OutlineFileName:\Book Antiqua
DataFormat:sfntResource
ResourceID:2003
hasSVG:no
FileLength:290877
FileModTime:1393383600
NameArray:0,Mac,4,Book Antiqua Bold
NameArray:0,Win,1,Book Antiqua
%EndFont

%BeginFont
Handler:DirectoryHandler
FontType:TrueType
FontName:BookAntiqua-Italic
FamilyName:Book Antiqua
StyleName:Italic
MenuName:Book Antiqua
StyleBits:1
WeightClass:400
WidthClass:5
AngleClass:1
FullName:Book Antiqua Italic
WritingScript:Roman
OutlineFileName:\Book Antiqua
DataFormat:sfntResource
ResourceID:2004
hasSVG:no
FileLength:290877
FileModTime:1393383600
NameArray:0,Mac,4,Book Antiqua Italic
NameArray:0,Win,1,Book Antiqua
%EndFont

%BeginFont
Handler:DirectoryHandler
FontType:TrueType
FontName:BookAntiqua-BoldItalic
FamilyName:Book Antiqua
StyleName:Bold Italic
MenuName:Book Antiqua
StyleBits:3
WeightClass:700
WidthClass:5
AngleClass:1
FullName:Book Antiqua Bold Italic
WritingScript:Roman
OutlineFileName:\Book Antiqua
DataFormat:sfntResource
ResourceID:2005
hasSVG:no
FileLength:290877
FileModTime:1393383600
NameArray:0,Mac,4,Book Antiqua Bold Italic
NameArray:0,Win,1,Book Antiqua
%EndFont

%BeginFont
Handler:DirectoryHandler
FontType:Suitcase
FontName:BookAntiqua
OutlineFileName:\Book Antiqua
ResourceID:2002
MacStyle:0
FileLength:290877
FileModTime:1393383600
%EndFont

%BeginFont
Handler:DirectoryHandler
FontType:Suitcase
FontName:BookAntiqua-Bold
OutlineFileName:\Book Antiqua
ResourceID:2002
MacStyle:1
FileLength:290877
FileModTime:1393383600
%EndFont

%BeginFont
Handler:DirectoryHandler
FontType:Suitcase
FontName:BookAntiqua-Italic
OutlineFileName:\Book Antiqua
ResourceID:2002
MacStyle:2
FileLength:290877
FileModTime:1393383600
%EndFont

%BeginFont
Handler:DirectoryHandler
FontType:Suitcase
FontName:BookAntiqua-BoldItalic
OutlineFileName:\Book Antiqua
ResourceID:2002
MacStyle:3
FileLength:290877
FileModTime:1393383600
%EndFont

%BeginFont
Handler:DirectoryHandler
FontType:Type1
FontName:Gotham-Bold
FamilyName:Gotham
StyleName:Bold
MenuName:Gotham-Bold
StyleBits:2
WeightClass:700
WidthClass:5
AngleClass:0
FullName:Gotham-Bold
WritingScript:Roman
OutlineFileName:\GothaBol
DataFormat:POSTResource
UsesStandardEncoding:no
isCFF:no
hasSVG:no
FileModTime:1519995633
DesignSize:-1
%EndFont

%BeginFont
Handler:DirectoryHandler
FontType:Type1
FontName:Gotham-Book
FamilyName:Gotham
StyleName:Book
MenuName:Gotham-Book
StyleBits:0
WeightClass:400
WidthClass:5
AngleClass:0
FullName:Gotham-Book
WritingScript:Roman
OutlineFileName:\GothaBoo
DataFormat:POSTResource
UsesStandardEncoding:no
isCFF:no
hasSVG:no
FileModTime:1519995635
DesignSize:-1
%EndFont

%BeginFont
Handler:DirectoryHandler
FontType:Suitcase
FontName:Gotham-Bold
OutlineFileName:\Gotham-Bold
ResourceID:4161
MacStyle:0
FileLength:24626
FileModTime:1519995633
%EndFont

%BeginFont
Handler:DirectoryHandler
FontType:Suitcase
FontName:Gotham-Book
OutlineFileName:\Gotham-Book
ResourceID:4159
MacStyle:0
FileLength:24250
FileModTime:1519995634
%EndFont

%BeginFont
Handler:DirectoryHandler
FontType:Suitcase
FontName:Gotham-Medium
OutlineFileName:\Gotham-Medium
ResourceID:4160
MacStyle:0
FileLength:24638
FileModTime:1519995634
%EndFont

%BeginFont
Handler:DirectoryHandler
FontType:Type1
FontName:Gotham-Medium
FamilyName:Gotham
StyleName:Medium
MenuName:Gotham-Medium
StyleBits:0
WeightClass:500
WidthClass:5
AngleClass:0
FullName:Gotham-Medium
WritingScript:Roman
OutlineFileName:\GothaMed
DataFormat:POSTResource
UsesStandardEncoding:no
isCFF:no
hasSVG:no
FileModTime:1519995635
DesignSize:-1
%EndFont

%BeginFont
Handler:DirectoryHandler
FontType:Type1
FontName:HelveticaNeueLTStd-Bd
FamilyName:Helvetica Neue LT Std
StyleName:75 Bold
MenuName:HelveticaNeueLT Std
StyleBits:2
WeightClass:700
WidthClass:5
AngleClass:0
FullName:Helvetica Neue LT Std 75 Bold
WritingScript:Roman
OutlineFileName:\HelveticaNeueLTStd-Bd.otf
DataFormat:sfntData
UsesStandardEncoding:yes
isCFF:yes
hasSVG:no
FileLength:29108
FileModTime:1519995625
DesignSize:120
NameArray:0,Mac,18,HelveticaNeueLT Std Bold
NameArray:0,Mac,4,Helvetica Neue LT Std 75 Bold
NameArray:0,Win,1,HelveticaNeueLT Std
NameArray:0,Win,16,Helvetica Neue LT Std
%EndFont

%BeginFont
Handler:DirectoryHandler
FontType:Type1
FontName:HelveticaNeueLTStd-Hv
FamilyName:Helvetica Neue LT Std
StyleName:85 Heavy
MenuName:HelveticaNeueLT Std Med
StyleBits:2
WeightClass:750
WidthClass:5
AngleClass:0
FullName:Helvetica Neue LT Std 85 Heavy
WritingScript:Roman
OutlineFileName:\HelveticaNeueLTStd-Hv.otf
DataFormat:sfntData
UsesStandardEncoding:yes
isCFF:yes
hasSVG:no
FileLength:29972
FileModTime:1519995617
DesignSize:120
NameArray:0,Mac,18,HelveticaNeueLT Std Hvy
NameArray:0,Mac,4,Helvetica Neue LT Std 85 Heavy
NameArray:0,Win,1,HelveticaNeueLT Std Med
NameArray:0,Win,16,Helvetica Neue LT Std
%EndFont

%BeginFont
Handler:DirectoryHandler
FontType:Type1
FontName:HelveticaNeueLTStd-It
FamilyName:Helvetica Neue LT Std
StyleName:56 Italic
MenuName:HelveticaNeueLT Std
StyleBits:1
WeightClass:400
WidthClass:5
AngleClass:1
FullName:Helvetica Neue LT Std 56 Italic
WritingScript:Roman
OutlineFileName:\HelveticaNeueLTStd-It.otf
DataFormat:sfntData
UsesStandardEncoding:yes
isCFF:yes
hasSVG:no
FileLength:29260
FileModTime:1519995634
DesignSize:120
NameArray:0,Mac,18,HelveticaNeueLT Std Ital
NameArray:0,Mac,4,Helvetica Neue LT Std 56 Italic
NameArray:0,Win,1,HelveticaNeueLT Std
NameArray:0,Win,16,Helvetica Neue LT Std
%EndFont

%BeginFont
Handler:DirectoryHandler
FontType:Type1
FontName:HelveticaNeueLTStd-Lt
FamilyName:Helvetica Neue LT Std
StyleName:45 Light
MenuName:HelveticaNeueLT Std Lt
StyleBits:0
WeightClass:300
WidthClass:5
AngleClass:0
FullName:Helvetica Neue LT Std 45 Light
WritingScript:Roman
OutlineFileName:\HelveticaNeueLTStd-Lt.otf
DataFormat:sfntData
UsesStandardEncoding:yes
isCFF:yes
hasSVG:no
FileLength:28980
FileModTime:1519995635
DesignSize:120
NameArray:0,Mac,18,HelveticaNeueLT Std Lt
NameArray:0,Mac,4,Helvetica Neue LT Std 45 Light
NameArray:0,Win,1,HelveticaNeueLT Std Lt
NameArray:0,Win,16,Helvetica Neue LT Std
%EndFont

%BeginFont
Handler:DirectoryHandler
FontType:Type1
FontName:HelveticaNeueLTStd-Md
FamilyName:Helvetica Neue LT Std
StyleName:65 Medium
MenuName:HelveticaNeueLT Std Med
StyleBits:0
WeightClass:500
WidthClass:5
AngleClass:0
FullName:Helvetica Neue LT Std 65 Medium
WritingScript:Roman
OutlineFileName:\HelveticaNeueLTStd-Md.otf
DataFormat:sfntData
UsesStandardEncoding:yes
isCFF:yes
hasSVG:no
FileLength:29148
FileModTime:1519995637
DesignSize:120
NameArray:0,Mac,18,HelveticaNeueLT Std Med
NameArray:0,Mac,4,Helvetica Neue LT Std 65 Medium
NameArray:0,Win,1,HelveticaNeueLT Std Med
NameArray:0,Win,16,Helvetica Neue LT Std
%EndFont

%BeginFont
Handler:DirectoryHandler
FontType:Type1
FontName:HelveticaNeueLTStd-MdIt
FamilyName:Helvetica Neue LT Std
StyleName:66 Medium Italic
MenuName:HelveticaNeueLT Std Med
StyleBits:1
WeightClass:500
WidthClass:5
AngleClass:1
FullName:Helvetica Neue LT Std 66 Medium Italic
WritingScript:Roman
OutlineFileName:\HelveticaNeueLTStd-MdIt.otf
DataFormat:sfntData
UsesStandardEncoding:yes
isCFF:yes
hasSVG:no
FileLength:29636
FileModTime:1519995638
DesignSize:120
NameArray:0,Mac,18,HelveticaNeueLT Std Med Ital
NameArray:0,Mac,4,Helvetica Neue LT Std 66 Medium Italic
NameArray:0,Win,1,HelveticaNeueLT Std Med
NameArray:0,Win,16,Helvetica Neue LT Std
%EndFont

%BeginFont
Handler:DirectoryHandler
FontType:Type1
FontName:HelveticaNeueLTStd-Roman
FamilyName:Helvetica Neue LT Std
StyleName:55 Roman
MenuName:HelveticaNeueLT Std
StyleBits:0
WeightClass:400
WidthClass:5
AngleClass:0
FullName:Helvetica Neue LT Std 55 Roman
WritingScript:Roman
OutlineFileName:\HelveticaNeueLTStd-Roman.otf
DataFormat:sfntData
UsesStandardEncoding:yes
isCFF:yes
hasSVG:no
FileLength:29044
FileModTime:1519995638
DesignSize:120
NameArray:0,Mac,18,HelveticaNeueLT Std
NameArray:0,Mac,4,Helvetica Neue LT Std 55 Roman
NameArray:0,Win,1,HelveticaNeueLT Std
NameArray:0,Win,16,Helvetica Neue LT Std
%EndFont

%BeginFont
Handler:DirectoryHandler
FontType:Type1
FontName:MinionPro-Regular
FamilyName:Minion Pro
StyleName:Regular
MenuName:Minion Pro
StyleBits:0
WeightClass:400
WidthClass:5
AngleClass:0
FullName:Minion Pro
WritingScript:Roman
OutlineFileName:\MinionPro-Regular.otf
DataFormat:sfntData
UsesStandardEncoding:yes
isCFF:yes
hasSVG:no
FileLength:218640
FileModTime:1422958166
DesignSize:110
NameArray:0,Mac,4,Minion Pro
NameArray:0,Win,1,Minion Pro
%EndFont

%BeginFont
Handler:DirectoryHandler
FontType:TrueType
FontName:Wingdings3
FamilyName:Wingdings 3
StyleName:Regular
MenuName:Wingdings 3
StyleBits:0
WeightClass:400
WidthClass:5
AngleClass:0
FullName:Wingdings 3
WritingScript:Roman
OutlineFileName:\Wingdings3.ttf
DataFormat:sfntData
hasSVG:no
FileLength:38308
FileModTime:1519995769
NameArray:0,Mac,4,Wingdings 3
NameArray:0,Win,1,Wingdings 3
%EndFont

